[NX v20.5.0 Daemon Server] - 2025-03-26T21:02:23.728Z - Started listening on: \\.\pipe\nx\C:\Users\pikadjou\AppData\Local\Temp\f134ae126ebf182f0176\d.sock
[NX v20.5.0 Daemon Server] - 2025-03-26T21:02:23.744Z - [WATCHER]: Subscribed to changes within: C:\techatome\Odoo\beyond-odoo-ui-lib (native)
[NX v20.5.0 Daemon Server] - 2025-03-26T21:02:23.755Z - Established a connection. Number of open connections: 1
[NX v20.5.0 Daemon Server] - 2025-03-26T21:02:23.759Z - Closed a connection. Number of open connections: 0
[NX v20.5.0 Daemon Server] - 2025-03-26T21:02:23.760Z - Established a connection. Number of open connections: 1
[NX v20.5.0 Daemon Server] - 2025-03-26T21:02:23.778Z - [REQUEST]: Client Request for Project Graph Received
[NX v20.5.0 Daemon Server] - 2025-03-26T21:02:23.841Z - [REQUEST]: Updated workspace context based on watched changes, recomputing project graph...
[NX v20.5.0 Daemon Server] - 2025-03-26T21:02:23.842Z - [REQUEST]: 
[NX v20.5.0 Daemon Server] - 2025-03-26T21:02:23.842Z - [REQUEST]: 
[NX v20.5.0 Daemon Server] - 2025-03-26T21:02:25.149Z - [SYNC]: collect registered sync generators
[NX v20.5.0 Daemon Server] - 2025-03-26T21:02:25.151Z - [REQUEST]: Responding to the client. project-graph
[NX v20.5.0 Daemon Server] - 2025-03-26T21:02:25.154Z - Time taken for 'total for creating and serializing project graph' 1372.5726ms
[NX v20.5.0 Daemon Server] - 2025-03-26T21:02:25.155Z - Done responding to the client project-graph
[NX v20.5.0 Daemon Server] - 2025-03-26T21:02:25.156Z - Handled REQUEST_PROJECT_GRAPH. Handling time: 1373. Response time: 5.
[NX v20.5.0 Daemon Server] - 2025-03-26T21:02:25.171Z - [REQUEST]: Responding to the client. handleContextFileData
[NX v20.5.0 Daemon Server] - 2025-03-26T21:02:25.172Z - Done responding to the client handleContextFileData
[NX v20.5.0 Daemon Server] - 2025-03-26T21:02:25.172Z - Handled GET_CONTEXT_FILE_DATA. Handling time: 2. Response time: 1.
[NX v20.5.0 Daemon Server] - 2025-03-26T21:02:25.302Z - [REQUEST]: Client Request for Project Graph Received
[NX v20.5.0 Daemon Server] - 2025-03-26T21:02:25.302Z - [REQUEST]: Responding to the client. project-graph
[NX v20.5.0 Daemon Server] - 2025-03-26T21:02:25.304Z - Time taken for 'total for creating and serializing project graph' 0.7586999999998625ms
[NX v20.5.0 Daemon Server] - 2025-03-26T21:02:25.305Z - Done responding to the client project-graph
[NX v20.5.0 Daemon Server] - 2025-03-26T21:02:25.305Z - Handled REQUEST_PROJECT_GRAPH. Handling time: 0. Response time: 3.
[NX v20.5.0 Daemon Server] - 2025-03-26T21:02:25.316Z - [REQUEST]: Responding to the client. handleRunPreTasksExecution
[NX v20.5.0 Daemon Server] - 2025-03-26T21:02:25.316Z - Time taken for 'preTasksExecution' 1.4021999999999935ms
[NX v20.5.0 Daemon Server] - 2025-03-26T21:02:25.316Z - Done responding to the client handleRunPreTasksExecution
[NX v20.5.0 Daemon Server] - 2025-03-26T21:02:25.316Z - Handled PRE_TASKS_EXECUTION. Handling time: 2. Response time: 0.
[NX v20.5.0 Daemon Server] - 2025-03-26T21:02:25.402Z - [REQUEST]: Responding to the client. handleHashTasks
[NX v20.5.0 Daemon Server] - 2025-03-26T21:02:25.405Z - Done responding to the client handleHashTasks
[NX v20.5.0 Daemon Server] - 2025-03-26T21:02:25.405Z - Handled HASH_TASKS. Handling time: 26. Response time: 3.
[NX v20.5.0 Daemon Server] - 2025-03-26T21:02:25.430Z - [REQUEST]: Responding to the client. handleGetEstimatedTaskTimings
[NX v20.5.0 Daemon Server] - 2025-03-26T21:02:25.431Z - Done responding to the client handleGetEstimatedTaskTimings
[NX v20.5.0 Daemon Server] - 2025-03-26T21:02:25.431Z - Handled GET_ESTIMATED_TASK_TIMINGS. Handling time: 3. Response time: 1.
[NX v20.5.0 Daemon Server] - 2025-03-26T21:02:31.126Z - [WATCHER]: Processing file changes in outputs
[NX v20.5.0 Daemon Server] - 2025-03-26T21:02:31.142Z - [WATCHER]: 0 file(s) created or restored, 0 file(s) modified, 84 file(s) deleted
[NX v20.5.0 Daemon Server] - 2025-03-26T21:02:31.235Z - [WATCHER]: 0 file(s) created or restored, 0 file(s) modified, 25 file(s) deleted
[NX v20.5.0 Daemon Server] - 2025-03-26T21:02:31.235Z - [WATCHER]: Processing file changes in outputs
[NX v20.5.0 Daemon Server] - 2025-03-26T21:02:31.296Z - [REQUEST]: Updated workspace context based on watched changes, recomputing project graph...
[NX v20.5.0 Daemon Server] - 2025-03-26T21:02:31.296Z - [REQUEST]: 
[NX v20.5.0 Daemon Server] - 2025-03-26T21:02:31.296Z - [REQUEST]: lib/utils/lib/abstract/baseModal.d.ts,lib/utils/lib/utils/date.d.ts,lib/utils/lib/directive/public-api.d.ts,lib/utils/lib/types/type.d.ts,lib/translation/lib/services/translation.loader.d.ts,lib/utils/lib/helpers,lib/utils/lib/helpers/request,lib/utils/package.json,lib/utils/fesm2022,lib/utils/lib/directive/stop-propagation.directive.d.ts,lib/utils/lib/abstract/public-api.d.ts,lib/utils/lib/pipe/public-api.d.ts,lib/utils/lib/pipe,lib/translation/fesm2022,lib/utils/lib/helpers/scrolls/horizontal-scroll.d.ts,lib/utils/lib/directive/on-render.directive.d.ts,lib/translation/package.json,lib/translation/public-api.d.ts,lib/utils/lib/directive/time-ago.directive.d.ts,lib/utils/lib/utils/color.d.ts,lib/utils/lib/utils/phone.d.ts,lib/utils/lib/utils/clipboard.d.ts,lib/translation/lib/services/translation-registry.service.d.ts,lib/utils/lib/utils/mail.d.ts,lib/utils/lib/types/public-api.d.ts,lib/utils/lib/abstract,lib/utils/lib/const,lib/utils/lib/directive,lib/utils/lib/types/files,lib/utils/lib/utils/maps.d.ts,lib/utils/lib,lib/translation/lib/services,lib/utils/lib/types/civility,lib/utils/lib/helpers/request/entity.d.ts,lib/translation/lib/services/lazy-translation.service.d.ts,lib/utils/lib/helpers/request/state.d.ts,lib/utils/lib/utils/enum.d.ts,lib/utils/lib/abstract/basePage.d.ts,lib/utils/lib/helpers/breakpoints/detection.d.ts,lib/translation/.npmignore,lib/utils/lib/helpers/subscriber/handler.d.ts,lib/utils/lib/abstract/baseComponent.d.ts,lib/translation/README.md,lib/utils/lib/utils/math.d.ts,lib/utils/fesm2022/beyond-utils.mjs,lib/translation/fesm2022/beyond-translation.mjs,lib/utils/lib/pipe/file-size.pipe.d.ts,lib/utils/lib/types/civility/civility.d.ts,lib/translation/lib/provider.d.ts,lib/translation,lib/utils/lib/utils/identifier.d.ts,lib/utils/lib/types,lib/utils,lib/utils/lib/utils/string.d.ts,lib/translation/fesm2022/beyond-translation.mjs.map,lib/utils/lib/types/files/file-data.d.ts,lib/utils/lib/utils/object.d.ts,lib/translation/index.d.ts,lib/utils/README.md,lib/translation/lib/services/translation.service.d.ts,lib/utils/lib/abstract/abstractComponent.d.ts,lib/utils/lib/pipe/safe.pipe.d.ts,lib/utils/lib/directive/type-template-directive.d.ts,lib/utils/lib/utils/compare.d.ts,lib/utils/fesm2022/beyond-utils.mjs.map,lib/utils/lib/utils/public-api.d.ts,lib/utils/lib/helpers/public-api.d.ts,lib/utils/lib/types/files/file-extension.d.ts,lib/utils/lib/utils/array.d.ts,lib/utils/lib/pipe/translate.pipe.d.ts,lib/utils/lib/utils/sorts.d.ts,lib/utils/lib/helpers/breakpoints,lib/utils/lib/helpers/scrolls,lib/utils/lib/utils,lib/utils/.npmignore,lib/utils/lib/directive/let.directive.d.ts,lib/utils/lib/helpers/subscriber,lib/translation/lib,lib/utils/public-api.d.ts,lib/utils/lib/const/environment.d.ts,lib/utils/lib/types/files/temporary-files.d.ts,lib/utils/index.d.ts,lib/utils/lib/pipe/plural.pipe.d.ts,lib/utils/lib/pipe/join.pipe.d.ts,lib/menu,lib/menu/.npmignore,lib/styles/package.json,lib/styles/.npmignore,lib/styles/public-api.d.ts,lib/styles/README.md,lib/styles/fesm2022/beyond-styles.mjs,lib/menu/public-api.d.ts,lib/menu/fesm2022/beyond-menu.mjs,lib/menu/lib/models/public-api.d.ts,lib/menu/lib,lib/styles/lib/types,lib/styles/fesm2022,lib/styles/lib,lib/styles,lib/menu/README.md,lib/menu/lib/models/routes.d.ts,lib/styles/index.d.ts,lib/menu/fesm2022,lib/menu/lib/models,lib/styles/fesm2022/beyond-styles.mjs.map,lib/menu/package.json,lib/menu/index.d.ts,lib/styles/lib/types/types.d.ts,lib/menu/fesm2022/beyond-menu.mjs.map
[NX v20.5.0 Daemon Server] - 2025-03-26T21:02:31.461Z - [SYNC]: collect registered sync generators
[NX v20.5.0 Daemon Server] - 2025-03-26T21:02:31.462Z - [SYNC]: project graph hash is the same, not collecting task sync generators
[NX v20.5.0 Daemon Server] - 2025-03-26T21:02:31.462Z - [SYNC]: nx.json hash is the same, not collecting global sync generators
[NX v20.5.0 Daemon Server] - 2025-03-26T21:02:31.463Z - Time taken for 'hash changed files from watcher' 51.55279999999948ms
[NX v20.5.0 Daemon Server] - 2025-03-26T21:02:34.382Z - [WATCHER]: 0 file(s) created or restored, 3 file(s) modified, 0 file(s) deleted
[NX v20.5.0 Daemon Server] - 2025-03-26T21:02:34.393Z - [WATCHER]: Processing file changes in outputs
[NX v20.5.0 Daemon Server] - 2025-03-26T21:02:34.597Z - [REQUEST]: Updated workspace context based on watched changes, recomputing project graph...
[NX v20.5.0 Daemon Server] - 2025-03-26T21:02:34.598Z - [REQUEST]: lib/styles/index.d.ts,lib/styles/lib/types/types.d.ts,lib/styles/public-api.d.ts
[NX v20.5.0 Daemon Server] - 2025-03-26T21:02:34.598Z - [REQUEST]: 
[NX v20.5.0 Daemon Server] - 2025-03-26T21:02:35.168Z - [SYNC]: collect registered sync generators
[NX v20.5.0 Daemon Server] - 2025-03-26T21:02:35.169Z - [SYNC]: project graph hash is the same, not collecting task sync generators
[NX v20.5.0 Daemon Server] - 2025-03-26T21:02:35.170Z - [SYNC]: nx.json hash is the same, not collecting global sync generators
[NX v20.5.0 Daemon Server] - 2025-03-26T21:02:35.171Z - [WATCHER]: 0 file(s) created or restored, 5 file(s) modified, 0 file(s) deleted
[NX v20.5.0 Daemon Server] - 2025-03-26T21:02:35.172Z - [WATCHER]: Processing file changes in outputs
[NX v20.5.0 Daemon Server] - 2025-03-26T21:02:35.172Z - Time taken for 'hash changed files from watcher' 4.002700000000914ms
[NX v20.5.0 Daemon Server] - 2025-03-26T21:02:35.604Z - [REQUEST]: Updated workspace context based on watched changes, recomputing project graph...
[NX v20.5.0 Daemon Server] - 2025-03-26T21:02:35.604Z - [REQUEST]: lib/styles/fesm2022/beyond-styles.mjs,lib/styles/README.md,lib/styles/package.json,lib/styles/fesm2022/beyond-styles.mjs.map,lib/styles/.npmignore
[NX v20.5.0 Daemon Server] - 2025-03-26T21:02:35.604Z - [REQUEST]: 
[NX v20.5.0 Daemon Server] - 2025-03-26T21:02:35.761Z - [SYNC]: collect registered sync generators
[NX v20.5.0 Daemon Server] - 2025-03-26T21:02:35.762Z - [SYNC]: project graph hash is the same, not collecting task sync generators
[NX v20.5.0 Daemon Server] - 2025-03-26T21:02:35.762Z - [SYNC]: nx.json hash is the same, not collecting global sync generators
[NX v20.5.0 Daemon Server] - 2025-03-26T21:02:35.764Z - Time taken for 'hash changed files from watcher' 29.499400000000605ms
[NX v20.5.0 Daemon Server] - 2025-03-26T21:02:36.049Z - [REQUEST]: Responding to the client. recordOutputsHash
[NX v20.5.0 Daemon Server] - 2025-03-26T21:02:36.049Z - Done responding to the client recordOutputsHash
[NX v20.5.0 Daemon Server] - 2025-03-26T21:02:36.050Z - Handled RECORD_OUTPUTS_HASH. Handling time: 3. Response time: 1.
[NX v20.5.0 Daemon Server] - 2025-03-26T21:02:36.458Z - [WATCHER]: 0 file(s) created or restored, 4 file(s) modified, 0 file(s) deleted
[NX v20.5.0 Daemon Server] - 2025-03-26T21:02:36.459Z - [WATCHER]: Processing file changes in outputs
[NX v20.5.0 Daemon Server] - 2025-03-26T21:02:36.500Z - [WATCHER]: 0 file(s) created or restored, 3 file(s) modified, 0 file(s) deleted
[NX v20.5.0 Daemon Server] - 2025-03-26T21:02:36.501Z - [WATCHER]: Processing file changes in outputs
[NX v20.5.0 Daemon Server] - 2025-03-26T21:02:36.601Z - [WATCHER]: 0 file(s) created or restored, 4 file(s) modified, 0 file(s) deleted
[NX v20.5.0 Daemon Server] - 2025-03-26T21:02:36.857Z - [WATCHER]: Processing file changes in outputs
[NX v20.5.0 Daemon Server] - 2025-03-26T21:02:36.859Z - [WATCHER]: 0 file(s) created or restored, 2 file(s) modified, 0 file(s) deleted
[NX v20.5.0 Daemon Server] - 2025-03-26T21:02:36.911Z - [WATCHER]: 0 file(s) created or restored, 3 file(s) modified, 0 file(s) deleted
[NX v20.5.0 Daemon Server] - 2025-03-26T21:02:36.912Z - [WATCHER]: Processing file changes in outputs
[NX v20.5.0 Daemon Server] - 2025-03-26T21:02:36.989Z - [WATCHER]: 0 file(s) created or restored, 5 file(s) modified, 0 file(s) deleted
[NX v20.5.0 Daemon Server] - 2025-03-26T21:02:36.990Z - [WATCHER]: Processing file changes in outputs
[NX v20.5.0 Daemon Server] - 2025-03-26T21:02:37.297Z - [REQUEST]: Updated workspace context based on watched changes, recomputing project graph...
[NX v20.5.0 Daemon Server] - 2025-03-26T21:02:37.297Z - [REQUEST]: lib/menu/lib/models/routes.d.ts,lib/menu/public-api.d.ts,lib/menu/lib/models/public-api.d.ts,lib/menu/index.d.ts,lib/translation/lib/services/lazy-translation.service.d.ts,lib/translation/lib/services/translation.service.d.ts,lib/translation/lib/services/translation-registry.service.d.ts,lib/translation/index.d.ts,lib/translation/lib/services/translation.loader.d.ts,lib/translation/public-api.d.ts,lib/translation/lib/provider.d.ts,lib/menu/fesm2022/beyond-menu.mjs.map,lib/menu/fesm2022/beyond-menu.mjs,lib/translation/fesm2022/beyond-translation.mjs,lib/translation/fesm2022/beyond-translation.mjs.map,lib/menu/README.md,lib/menu/package.json,lib/menu/.npmignore,lib/translation/README.md,lib/translation/package.json,lib/translation/.npmignore
[NX v20.5.0 Daemon Server] - 2025-03-26T21:02:37.298Z - [REQUEST]: 
[NX v20.5.0 Daemon Server] - 2025-03-26T21:02:37.475Z - [SYNC]: collect registered sync generators
[NX v20.5.0 Daemon Server] - 2025-03-26T21:02:37.475Z - [SYNC]: project graph hash is the same, not collecting task sync generators
[NX v20.5.0 Daemon Server] - 2025-03-26T21:02:37.475Z - [SYNC]: nx.json hash is the same, not collecting global sync generators
[NX v20.5.0 Daemon Server] - 2025-03-26T21:02:37.478Z - Time taken for 'hash changed files from watcher' 27.249799999999595ms
[NX v20.5.0 Daemon Server] - 2025-03-26T21:02:37.597Z - [REQUEST]: Responding to the client. recordOutputsHash
[NX v20.5.0 Daemon Server] - 2025-03-26T21:02:37.598Z - Done responding to the client recordOutputsHash
[NX v20.5.0 Daemon Server] - 2025-03-26T21:02:37.598Z - Handled RECORD_OUTPUTS_HASH. Handling time: 1. Response time: 1.
[NX v20.5.0 Daemon Server] - 2025-03-26T21:02:37.633Z - [REQUEST]: Responding to the client. recordOutputsHash
[NX v20.5.0 Daemon Server] - 2025-03-26T21:02:37.634Z - Done responding to the client recordOutputsHash
[NX v20.5.0 Daemon Server] - 2025-03-26T21:02:37.634Z - Handled RECORD_OUTPUTS_HASH. Handling time: 1. Response time: 1.
[NX v20.5.0 Daemon Server] - 2025-03-26T21:02:39.113Z - [WATCHER]: 0 file(s) created or restored, 4 file(s) modified, 0 file(s) deleted
[NX v20.5.0 Daemon Server] - 2025-03-26T21:02:39.125Z - [WATCHER]: Processing file changes in outputs
[NX v20.5.0 Daemon Server] - 2025-03-26T21:02:39.161Z - [WATCHER]: Processing file changes in outputs
[NX v20.5.0 Daemon Server] - 2025-03-26T21:02:39.164Z - [WATCHER]: 0 file(s) created or restored, 8 file(s) modified, 0 file(s) deleted
[NX v20.5.0 Daemon Server] - 2025-03-26T21:02:39.231Z - [WATCHER]: 0 file(s) created or restored, 8 file(s) modified, 0 file(s) deleted
[NX v20.5.0 Daemon Server] - 2025-03-26T21:02:39.241Z - [WATCHER]: Processing file changes in outputs
[NX v20.5.0 Daemon Server] - 2025-03-26T21:02:39.295Z - [WATCHER]: 0 file(s) created or restored, 5 file(s) modified, 0 file(s) deleted
[NX v20.5.0 Daemon Server] - 2025-03-26T21:02:39.317Z - [WATCHER]: Processing file changes in outputs
[NX v20.5.0 Daemon Server] - 2025-03-26T21:02:39.357Z - [WATCHER]: 0 file(s) created or restored, 9 file(s) modified, 0 file(s) deleted
[NX v20.5.0 Daemon Server] - 2025-03-26T21:02:39.379Z - [WATCHER]: Processing file changes in outputs
[NX v20.5.0 Daemon Server] - 2025-03-26T21:02:39.419Z - [WATCHER]: 0 file(s) created or restored, 9 file(s) modified, 0 file(s) deleted
[NX v20.5.0 Daemon Server] - 2025-03-26T21:02:39.430Z - [WATCHER]: Processing file changes in outputs
[NX v20.5.0 Daemon Server] - 2025-03-26T21:02:39.461Z - [WATCHER]: 0 file(s) created or restored, 7 file(s) modified, 0 file(s) deleted
[NX v20.5.0 Daemon Server] - 2025-03-26T21:02:39.526Z - [WATCHER]: Processing file changes in outputs
[NX v20.5.0 Daemon Server] - 2025-03-26T21:02:40.010Z - [WATCHER]: Processing file changes in outputs
[NX v20.5.0 Daemon Server] - 2025-03-26T21:02:40.012Z - [WATCHER]: 0 file(s) created or restored, 2 file(s) modified, 0 file(s) deleted
[NX v20.5.0 Daemon Server] - 2025-03-26T21:02:40.089Z - [WATCHER]: 0 file(s) created or restored, 3 file(s) modified, 0 file(s) deleted
[NX v20.5.0 Daemon Server] - 2025-03-26T21:02:40.094Z - [WATCHER]: Processing file changes in outputs
[NX v20.5.0 Daemon Server] - 2025-03-26T21:02:40.698Z - [REQUEST]: Responding to the client. recordOutputsHash
[NX v20.5.0 Daemon Server] - 2025-03-26T21:02:40.699Z - Done responding to the client recordOutputsHash
[NX v20.5.0 Daemon Server] - 2025-03-26T21:02:40.699Z - Handled RECORD_OUTPUTS_HASH. Handling time: 0. Response time: 1.
[NX v20.5.0 Daemon Server] - 2025-03-26T21:02:40.791Z - [REQUEST]: Updated workspace context based on watched changes, recomputing project graph...
[NX v20.5.0 Daemon Server] - 2025-03-26T21:02:40.792Z - [REQUEST]: lib/utils/lib/directive/time-ago.directive.d.ts,lib/utils/lib/directive/type-template-directive.d.ts,lib/utils/lib/directive/let.directive.d.ts,lib/utils/lib/directive/stop-propagation.directive.d.ts,lib/utils/lib/pipe/translate.pipe.d.ts,lib/utils/lib/pipe/safe.pipe.d.ts,lib/utils/lib/pipe/public-api.d.ts,lib/utils/lib/directive/on-render.directive.d.ts,lib/utils/lib/directive/public-api.d.ts,lib/utils/lib/pipe/file-size.pipe.d.ts,lib/utils/lib/pipe/join.pipe.d.ts,lib/utils/lib/pipe/plural.pipe.d.ts,lib/utils/lib/types/files/temporary-files.d.ts,lib/utils/lib/types/civility/civility.d.ts,lib/utils/lib/types/files/file-extension.d.ts,lib/utils/lib/helpers/breakpoints/detection.d.ts,lib/utils/lib/types/type.d.ts,lib/utils/lib/types/files/file-data.d.ts,lib/utils/lib/types/public-api.d.ts,lib/utils/lib/utils/array.d.ts,lib/utils/lib/helpers/request/state.d.ts,lib/utils/lib/helpers/subscriber/handler.d.ts,lib/utils/lib/abstract/baseComponent.d.ts,lib/utils/lib/abstract/abstractComponent.d.ts,lib/utils/lib/utils/object.d.ts,lib/utils/lib/utils/enum.d.ts,lib/utils/lib/utils/date.d.ts,lib/utils/lib/abstract/public-api.d.ts,lib/utils/lib/abstract/basePage.d.ts,lib/utils/lib/utils/identifier.d.ts,lib/utils/lib/abstract/baseModal.d.ts,lib/utils/lib/utils/color.d.ts,lib/utils/lib/utils/compare.d.ts,lib/utils/lib/utils/sorts.d.ts,lib/utils/lib/utils/mail.d.ts,lib/utils/lib/utils/public-api.d.ts,lib/utils/lib/utils/maps.d.ts,lib/utils/lib/utils/math.d.ts,lib/utils/lib/utils/string.d.ts,lib/utils/lib/utils/clipboard.d.ts,lib/utils/lib/utils/phone.d.ts,lib/utils/lib/helpers/request/entity.d.ts,lib/utils/lib/helpers/scrolls/horizontal-scroll.d.ts,lib/utils/lib/const/environment.d.ts,lib/utils/public-api.d.ts,lib/utils/lib/helpers/public-api.d.ts,lib/utils/index.d.ts,lib/utils/fesm2022/beyond-utils.mjs.map,lib/utils/fesm2022/beyond-utils.mjs,lib/utils/package.json,lib/utils/.npmignore,lib/utils/README.md
[NX v20.5.0 Daemon Server] - 2025-03-26T21:02:40.792Z - [REQUEST]: 
[NX v20.5.0 Daemon Server] - 2025-03-26T21:02:40.937Z - [SYNC]: collect registered sync generators
[NX v20.5.0 Daemon Server] - 2025-03-26T21:02:40.938Z - [SYNC]: project graph hash is the same, not collecting task sync generators
[NX v20.5.0 Daemon Server] - 2025-03-26T21:02:40.938Z - [SYNC]: nx.json hash is the same, not collecting global sync generators
[NX v20.5.0 Daemon Server] - 2025-03-26T21:02:40.938Z - Time taken for 'hash changed files from watcher' 66.13940000000002ms
[NX v20.5.0 Daemon Server] - 2025-03-26T21:02:47.057Z - [WATCHER]: Processing file changes in outputs
[NX v20.5.0 Daemon Server] - 2025-03-26T21:02:47.060Z - [WATCHER]: 0 file(s) created or restored, 0 file(s) modified, 56 file(s) deleted
[NX v20.5.0 Daemon Server] - 2025-03-26T21:02:47.201Z - [WATCHER]: 0 file(s) created or restored, 0 file(s) modified, 39 file(s) deleted
[NX v20.5.0 Daemon Server] - 2025-03-26T21:02:47.201Z - [WATCHER]: Processing file changes in outputs
[NX v20.5.0 Daemon Server] - 2025-03-26T21:02:47.371Z - [WATCHER]: 0 file(s) created or restored, 0 file(s) modified, 91 file(s) deleted
[NX v20.5.0 Daemon Server] - 2025-03-26T21:02:47.371Z - [WATCHER]: Processing file changes in outputs
[NX v20.5.0 Daemon Server] - 2025-03-26T21:02:50.321Z - [REQUEST]: Updated workspace context based on watched changes, recomputing project graph...
[NX v20.5.0 Daemon Server] - 2025-03-26T21:02:50.321Z - [REQUEST]: 
[NX v20.5.0 Daemon Server] - 2025-03-26T21:02:50.322Z - [REQUEST]: lib/server/lib/services/graphql/models/graphResponseData.d.ts,lib/server/lib/services/server/cacheInterceptor.d.ts,lib/server/lib/services/graphql,lib/server/fesm2022/beyond-server.mjs.map,lib/server/lib/services/graphql/public-api.d.ts,lib/server/lib/provider.d.ts,lib/server/lib/services/graphql/helpers,lib/server/lib/services/graphql/models/graphSchema.d.ts,lib/server/lib/services/server/response.d.ts,lib/server/lib/services/strapi/dto/types/rich-text.d.ts,lib/server/lib/services/graphql/models/graphPayload.d.ts,lib/server/lib/services/strapi,lib/server,lib/server/lib/helpers/handle-request.d.ts,lib/server/lib/interceptor/bearerInterceptor.d.ts,lib/server/lib/services/user/public-api.d.ts,lib/server/lib/services/graphql/helpers/queries.d.ts,lib/server/lib/services/server/request.d.ts,lib/server/lib/types/cache.d.ts,lib/server/lib/services/graphql/graph.service.d.ts,lib/server/lib/types,lib/server/lib/services/graphql/models/graphConfig.d.ts,lib/server/README.md,lib/server/fesm2022,lib/server/lib/services/graphql/models/graphEndpoint.d.ts,lib/server/lib/services/graphql/models/graphResponsePagedData.d.ts,lib/server/lib/services/strapi/dto/types,lib/server/lib/services,lib/server/.npmignore,lib/server/lib/services/server/api,lib/server/fesm2022/beyond-server.mjs,lib/server/lib/services/dto,lib/server/lib/services/graphql/models/responseData.d.ts,lib/server/public-api.d.ts,lib/server/lib/services/strapi/dto,lib/server/lib,lib/server/lib/services/user,lib/server/lib/services/strapi/dto/base.d.ts,lib/server/lib/services/server,lib/server/lib/services/graphql/helpers/mutations.d.ts,lib/server/lib/services/server/api/requestMap.d.ts,lib/server/lib/interceptor,lib/server/lib/helpers,lib/server/lib/services/strapi/strapi.service.d.ts,lib/server/package.json,lib/server/lib/services/server/token.d.ts,lib/server/index.d.ts,lib/server/lib/services/dto/keyvalue.d.ts,lib/server/lib/services/graphql/models,lib/server/lib/services/logger.d.ts,lib/server/lib/services/server/baseService.d.ts,lib/server/lib/services/user/permissions.services..d.ts,lib/server/lib/services/strapi/public-api.d.ts,lib/server/lib/services/server/interface.d.ts,lib/server/lib/services/server/api/server.service.d.ts,lib/server/lib/services/graphql/models/pageInfo.d.ts,lib/form/form-model/lib/models/input/email.d.ts,lib/form/form-model/fesm2022/beyond-form-model.mjs,lib/form/form-model/lib/models/input/phone.d.ts,lib/form/form-model/lib/models/input/timePicker.d.ts,lib/form/form-model/lib/models/public-api.d.ts,lib/form/form-model/lib/validators,lib/form/form-model/lib/models/input,lib/form/form-model/lib/models/input/datePicker.d.ts,lib/form/form-model/index.d.ts,lib/form/form-model/lib/models/input/textbox.d.ts,lib/form/form-model/lib/models/input/dropdown.d.ts,lib/form/form-model/package.json,lib/form/form-model/README.md,lib/form/form-model/public-api.d.ts,lib/form/form-model,lib/form/form-model/fesm2022,lib/form/form-model/lib/validators/slug.validator.d.ts,lib/form/form-model/fesm2022/beyond-form-model.mjs.map,lib/form/form-model/lib/models/input/switch.d.ts,lib/form/form-model/lib,lib/form/form-model/lib/models/input/address.d.ts,lib/form/form-model/lib/models,lib/form/form-model/lib/models/input/label.d.ts,lib/form/form-model/lib/models/factory.d.ts,lib/form/form-model/lib/models/input/choices.d.ts,lib/form/form-model/lib/models/input/radio.d.ts,lib/form/form-model/.npmignore,lib/form/form-model/lib/models/input/extra,lib/form/form-model/lib/models/input/password.d.ts,lib/form/form-model/lib/models/input/panel.d.ts,lib/form/form-model/lib/models/input/colorPicker.d.ts,lib/form/form-model/lib/models/input/checkbox.d.ts,lib/form/form-model/lib/models/input/slider.d.ts,lib/form/form-model/lib/models/input/dynamic.d.ts,lib/form/form-model/lib/models/input/upload.d.ts,lib/form/form-model/lib/models/input/textarea.d.ts,lib/form/form-model/lib/models/input/base.d.ts,lib/form/form-model/lib/models/input/number.d.ts,lib/form/form-model/lib/models/input/extra/button.d.ts,lib/ui/lib/components/picture-info-message,lib/ui/lib/features/card/title,lib/ui/lib/features/container/validation/cta/container-validation.component.d.ts,lib/ui/lib/features/container/validation/dialog,lib/ui/lib/features/card/subtitle/card-subtitle.component.d.ts,lib/ui/lib/features/layout/layout-header,lib/ui/lib/components/navigation/date/day/day.component.d.ts,lib/ui/lib/components/logo,lib/ui/lib/components/badge,lib/ui/lib/features/layout/layout-nav/layout-nav.component.d.ts,lib/ui/lib/features/card/tag/card-tag.component.d.ts,lib/ui/lib/features/container/placeholder,lib/ui/lib/features/layout/layout-page,lib/ui/lib/features/card/card-image,lib/ui/lib/features/layout/layout-content,lib/ui/.npmignore,lib/ui/fesm2022/beyond-ui.mjs.map,lib/ui/lib/components/navigation,lib/ui/lib/components/text,lib/ui/lib/features/layout/layout-title,lib/ui/lib/features/container/validation/cta,lib/ui/lib/components/navigation/date/week,lib/ui/lib/features/card/content/card-content.component.d.ts,lib/ui/lib/features/layout/layout-nav,lib/ui/lib/components/public-api.d.ts,lib/ui/lib/features/layout/with-panel,lib/ui/lib/features/layout/layout-header/layout-header-default,lib/ui/lib/features/container/error/error.component.d.ts,lib/ui/lib/components/logo/logo.component.d.ts,lib/ui/lib/features/container/empty,lib/ui/lib/features/layout/layout-panel,lib/ui/public-api.d.ts,lib/ui/lib/components/typed-message/typed-message.component.d.ts,lib/ui/lib/features/container/loader/loader.component.d.ts,lib/ui/lib/features/card/tag,lib/ui/lib/features/layout/layout-header/layout-header-default/layout-header-default.component.d.ts,lib/ui/lib/components/title,lib/ui/lib/features/container/validation/dialog/dialog-validation.component.d.ts,lib/ui/lib/features/layout,lib/ui/lib/components/title/title.component.d.ts,lib/ui/lib/components/navigation/date,lib/ui/lib/components/navigation/date/day,lib/ui/lib/components/toast/helpers.d.ts,lib/ui/fesm2022,lib/ui/lib/components/button,lib/ui/lib/features/container/validation/common-dialog.d.ts,lib/ui/lib/features/card/header,lib/ui/lib/features/container,lib/ui,lib/ui/lib/components,lib/ui/lib/components/toast,lib/ui/lib/components/badge/badge.component.d.ts,lib/ui/lib/features/container/loader,lib/ui/lib/features/card,lib/ui/lib/features/card/header/card-header.component.d.ts,lib/ui/lib/features/card/title/card-title.component.d.ts,lib/ui/lib/components/typed-message,lib/ui/lib/features/card/content,lib/ui/lib/features/layout/layout-panel/layout-panel.component.d.ts,lib/ui/lib/features/layout/with-nav,lib/ui/lib/features/layout/layout-page/layout-page.component.d.ts,lib/ui/lib/components/navigation/date/week/week.component.d.ts,lib/ui/lib/features/container/validation,lib/ui/lib/features,lib/ui/fesm2022/beyond-ui.mjs,lib/ui/lib/features/card/card.component.d.ts,lib/ui/index.d.ts,lib/ui/lib/components/toast/toast.component.d.ts,lib/ui/lib/features/card/card-image/card-image.component.d.ts,lib/ui/lib/features/container/error,lib/ui/lib/features/layout/layout-header/layout-header.component.d.ts,lib/ui/lib/features/container/swiper-light/swiper-light.component.d.ts,lib/ui/lib,lib/ui/README.md,lib/ui/lib/features/container/public-api.d.ts,lib/ui/lib/components/picture-info-message/picture-info-message.component.d.ts,lib/ui/lib/features/card/subtitle,lib/ui/lib/features/layout/layout-title/layout-title.component.d.ts,lib/ui/lib/features/layout/layout-content/layout-content.component.d.ts,lib/ui/lib/components/button/button.component.d.ts,lib/ui/lib/features/container/placeholder/config.d.ts,lib/ui/lib/features/layout/public-api.d.ts,lib/ui/lib/features/container/empty/empty.component.d.ts,lib/ui/lib/features/card/cta/card-cta.component.d.ts,lib/ui/lib/features/card/public-api.d.ts,lib/ui/lib/features/layout/with-panel/layout-with-panel.component.d.ts,lib/ui/lib/features/container/swiper-light,lib/ui/lib/components/text/text.component.d.ts,lib/ui/package.json,lib/ui/lib/features/card/cta,lib/ui/lib/features/layout/with-nav/layout-with-nav.component.d.ts
[NX v20.5.0 Daemon Server] - 2025-03-26T21:02:50.479Z - [SYNC]: collect registered sync generators
[NX v20.5.0 Daemon Server] - 2025-03-26T21:02:50.480Z - [SYNC]: project graph hash is the same, not collecting task sync generators
[NX v20.5.0 Daemon Server] - 2025-03-26T21:02:50.480Z - [SYNC]: nx.json hash is the same, not collecting global sync generators
[NX v20.5.0 Daemon Server] - 2025-03-26T21:02:50.480Z - Time taken for 'hash changed files from watcher' 60.406199999997625ms
[NX v20.5.0 Daemon Server] - 2025-03-26T21:02:52.087Z - [WATCHER]: Processing file changes in outputs
[NX v20.5.0 Daemon Server] - 2025-03-26T21:02:52.116Z - [WATCHER]: 0 file(s) created or restored, 7 file(s) modified, 0 file(s) deleted
[NX v20.5.0 Daemon Server] - 2025-03-26T21:02:52.148Z - [WATCHER]: Processing file changes in outputs
[NX v20.5.0 Daemon Server] - 2025-03-26T21:02:52.171Z - [WATCHER]: 0 file(s) created or restored, 13 file(s) modified, 0 file(s) deleted
[NX v20.5.0 Daemon Server] - 2025-03-26T21:02:52.206Z - [WATCHER]: Processing file changes in outputs
[NX v20.5.0 Daemon Server] - 2025-03-26T21:02:52.239Z - [WATCHER]: 0 file(s) created or restored, 8 file(s) modified, 0 file(s) deleted
[NX v20.5.0 Daemon Server] - 2025-03-26T21:02:52.258Z - [WATCHER]: Processing file changes in outputs
[NX v20.5.0 Daemon Server] - 2025-03-26T21:02:52.626Z - [WATCHER]: Processing file changes in outputs
[NX v20.5.0 Daemon Server] - 2025-03-26T21:02:52.629Z - [WATCHER]: 0 file(s) created or restored, 5 file(s) modified, 0 file(s) deleted
[NX v20.5.0 Daemon Server] - 2025-03-26T21:02:52.690Z - [WATCHER]: lib/form/form-model/package.json was modified
[NX v20.5.0 Daemon Server] - 2025-03-26T21:02:52.691Z - [WATCHER]: Processing file changes in outputs
[NX v20.5.0 Daemon Server] - 2025-03-26T21:02:52.869Z - [REQUEST]: Responding to the client. recordOutputsHash
[NX v20.5.0 Daemon Server] - 2025-03-26T21:02:52.872Z - Done responding to the client recordOutputsHash
[NX v20.5.0 Daemon Server] - 2025-03-26T21:02:52.872Z - Handled RECORD_OUTPUTS_HASH. Handling time: 0. Response time: 3.
[NX v20.5.0 Daemon Server] - 2025-03-26T21:02:53.630Z - [WATCHER]: Processing file changes in outputs
[NX v20.5.0 Daemon Server] - 2025-03-26T21:02:53.652Z - [WATCHER]: 0 file(s) created or restored, 4 file(s) modified, 0 file(s) deleted
[NX v20.5.0 Daemon Server] - 2025-03-26T21:02:53.691Z - [WATCHER]: Processing file changes in outputs
[NX v20.5.0 Daemon Server] - 2025-03-26T21:02:53.723Z - [WATCHER]: 0 file(s) created or restored, 4 file(s) modified, 0 file(s) deleted
[NX v20.5.0 Daemon Server] - 2025-03-26T21:02:53.763Z - [WATCHER]: Processing file changes in outputs
[NX v20.5.0 Daemon Server] - 2025-03-26T21:02:53.778Z - [WATCHER]: 0 file(s) created or restored, 2 file(s) modified, 0 file(s) deleted
[NX v20.5.0 Daemon Server] - 2025-03-26T21:02:53.862Z - [WATCHER]: 0 file(s) created or restored, 3 file(s) modified, 0 file(s) deleted
[NX v20.5.0 Daemon Server] - 2025-03-26T21:02:53.862Z - [WATCHER]: Processing file changes in outputs
[NX v20.5.0 Daemon Server] - 2025-03-26T21:02:53.930Z - [WATCHER]: 0 file(s) created or restored, 13 file(s) modified, 0 file(s) deleted
[NX v20.5.0 Daemon Server] - 2025-03-26T21:02:53.932Z - [WATCHER]: Processing file changes in outputs
[NX v20.5.0 Daemon Server] - 2025-03-26T21:02:53.983Z - [WATCHER]: Processing file changes in outputs
[NX v20.5.0 Daemon Server] - 2025-03-26T21:02:53.986Z - [WATCHER]: 0 file(s) created or restored, 10 file(s) modified, 0 file(s) deleted
[NX v20.5.0 Daemon Server] - 2025-03-26T21:02:54.537Z - [WATCHER]: Processing file changes in outputs
[NX v20.5.0 Daemon Server] - 2025-03-26T21:02:54.540Z - [WATCHER]: 0 file(s) created or restored, 2 file(s) modified, 0 file(s) deleted
[NX v20.5.0 Daemon Server] - 2025-03-26T21:02:54.611Z - [WATCHER]: Processing file changes in outputs
[NX v20.5.0 Daemon Server] - 2025-03-26T21:02:54.613Z - [WATCHER]: 0 file(s) created or restored, 3 file(s) modified, 0 file(s) deleted
[NX v20.5.0 Daemon Server] - 2025-03-26T21:02:54.663Z - [WATCHER]: Processing file changes in outputs
[NX v20.5.0 Daemon Server] - 2025-03-26T21:02:54.664Z - [WATCHER]: lib/server/package.json was modified
[NX v20.5.0 Daemon Server] - 2025-03-26T21:02:55.011Z - [REQUEST]: Responding to the client. recordOutputsHash
[NX v20.5.0 Daemon Server] - 2025-03-26T21:02:55.022Z - Done responding to the client recordOutputsHash
[NX v20.5.0 Daemon Server] - 2025-03-26T21:02:55.023Z - Handled RECORD_OUTPUTS_HASH. Handling time: 16. Response time: 12.
[NX v20.5.0 Daemon Server] - 2025-03-26T21:02:56.517Z - [WATCHER]: Processing file changes in outputs
[NX v20.5.0 Daemon Server] - 2025-03-26T21:02:56.536Z - [WATCHER]: 0 file(s) created or restored, 8 file(s) modified, 0 file(s) deleted
[NX v20.5.0 Daemon Server] - 2025-03-26T21:02:56.572Z - [WATCHER]: Processing file changes in outputs
[NX v20.5.0 Daemon Server] - 2025-03-26T21:02:56.597Z - [WATCHER]: 0 file(s) created or restored, 6 file(s) modified, 0 file(s) deleted
[NX v20.5.0 Daemon Server] - 2025-03-26T21:02:56.625Z - [WATCHER]: Processing file changes in outputs
[NX v20.5.0 Daemon Server] - 2025-03-26T21:02:56.649Z - [WATCHER]: 0 file(s) created or restored, 7 file(s) modified, 0 file(s) deleted
[NX v20.5.0 Daemon Server] - 2025-03-26T21:02:56.684Z - [WATCHER]: Processing file changes in outputs
[NX v20.5.0 Daemon Server] - 2025-03-26T21:02:56.709Z - [WATCHER]: 0 file(s) created or restored, 11 file(s) modified, 0 file(s) deleted
[NX v20.5.0 Daemon Server] - 2025-03-26T21:02:56.739Z - [WATCHER]: Processing file changes in outputs
[NX v20.5.0 Daemon Server] - 2025-03-26T21:02:56.760Z - [WATCHER]: 0 file(s) created or restored, 10 file(s) modified, 0 file(s) deleted
[NX v20.5.0 Daemon Server] - 2025-03-26T21:02:56.790Z - [WATCHER]: Processing file changes in outputs
[NX v20.5.0 Daemon Server] - 2025-03-26T21:02:57.164Z - [WATCHER]: Processing file changes in outputs
[NX v20.5.0 Daemon Server] - 2025-03-26T21:02:57.165Z - [WATCHER]: 0 file(s) created or restored, 5 file(s) modified, 0 file(s) deleted
[NX v20.5.0 Daemon Server] - 2025-03-26T21:02:57.409Z - [REQUEST]: Responding to the client. recordOutputsHash
[NX v20.5.0 Daemon Server] - 2025-03-26T21:02:57.410Z - Done responding to the client recordOutputsHash
[NX v20.5.0 Daemon Server] - 2025-03-26T21:02:57.410Z - Handled RECORD_OUTPUTS_HASH. Handling time: 0. Response time: 1.
[NX v20.5.0 Daemon Server] - 2025-03-26T21:02:58.525Z - [REQUEST]: Updated workspace context based on watched changes, recomputing project graph...
[NX v20.5.0 Daemon Server] - 2025-03-26T21:02:58.526Z - [REQUEST]: lib/form/form-model/lib/models/input/base.d.ts,lib/form/form-model/lib/models/input/textbox.d.ts,lib/form/form-model/lib/validators/slug.validator.d.ts,lib/form/form-model/lib/models/input/label.d.ts,lib/form/form-model/lib/models/input/colorPicker.d.ts,lib/form/form-model/lib/models/input/dropdown.d.ts,lib/form/form-model/lib/models/input/checkbox.d.ts,lib/form/form-model/lib/models/input/phone.d.ts,lib/form/form-model/lib/models/input/datePicker.d.ts,lib/form/form-model/lib/models/input/password.d.ts,lib/form/form-model/lib/models/input/number.d.ts,lib/form/form-model/lib/models/input/radio.d.ts,lib/form/form-model/lib/models/factory.d.ts,lib/form/form-model/lib/models/input/choices.d.ts,lib/form/form-model/lib/models/input/dynamic.d.ts,lib/form/form-model/lib/models/input/textarea.d.ts,lib/form/form-model/lib/models/input/email.d.ts,lib/form/form-model/lib/models/input/panel.d.ts,lib/form/form-model/lib/models/input/upload.d.ts,lib/form/form-model/lib/models/input/timePicker.d.ts,lib/form/form-model/lib/models/input/address.d.ts,lib/form/form-model/index.d.ts,lib/form/form-model/lib/models/public-api.d.ts,lib/form/form-model/public-api.d.ts,lib/form/form-model/lib/models/input/slider.d.ts,lib/form/form-model/lib/models/input/extra/button.d.ts,lib/form/form-model/lib/models/input/switch.d.ts,lib/form/form-model/fesm2022/beyond-form-model.mjs.map,lib/form/form-model/.npmignore,lib/form/form-model/package.json,lib/form/form-model/README.md,lib/form/form-model/fesm2022/beyond-form-model.mjs,lib/server/lib/services/dto/keyvalue.d.ts,lib/server/lib/helpers/handle-request.d.ts,lib/server/lib/services/logger.d.ts,lib/server/lib/services/graphql/models/graphSchema.d.ts,lib/server/lib/services/server/api/requestMap.d.ts,lib/server/lib/types/cache.d.ts,lib/server/lib/services/server/request.d.ts,lib/server/lib/services/server/interface.d.ts,lib/server/lib/services/server/response.d.ts,lib/server/lib/services/graphql/models/graphPayload.d.ts,lib/server/lib/services/user/permissions.services..d.ts,lib/server/lib/services/server/api/server.service.d.ts,lib/server/lib/services/strapi/strapi.service.d.ts,lib/server/lib/services/graphql/graph.service.d.ts,lib/server/lib/services/graphql/public-api.d.ts,lib/server/lib/services/graphql/models/graphResponseData.d.ts,lib/server/lib/services/graphql/models/graphEndpoint.d.ts,lib/server/lib/services/graphql/models/graphResponsePagedData.d.ts,lib/server/lib/services/graphql/models/responseData.d.ts,lib/server/lib/services/graphql/models/pageInfo.d.ts,lib/server/lib/services/graphql/helpers/queries.d.ts,lib/server/lib/services/graphql/helpers/mutations.d.ts,lib/server/lib/services/graphql/models/graphConfig.d.ts,lib/server/lib/services/server/baseService.d.ts,lib/server/lib/services/strapi/dto/base.d.ts,lib/server/lib/services/user/public-api.d.ts,lib/server/lib/services/server/token.d.ts,lib/server/index.d.ts,lib/server/lib/provider.d.ts,lib/server/lib/services/server/cacheInterceptor.d.ts,lib/server/lib/interceptor/bearerInterceptor.d.ts,lib/server/lib/services/strapi/dto/types/rich-text.d.ts,lib/server/lib/services/strapi/public-api.d.ts,lib/server/public-api.d.ts,lib/server/fesm2022/beyond-server.mjs.map,lib/server/fesm2022/beyond-server.mjs,lib/server/README.md,lib/server/package.json,lib/server/.npmignore,lib/ui/lib/components/text/text.component.d.ts,lib/ui/lib/components/toast/toast.component.d.ts,lib/ui/lib/components/button/button.component.d.ts,lib/ui/lib/components/toast/helpers.d.ts,lib/ui/lib/components/title/title.component.d.ts,lib/ui/lib/components/typed-message/typed-message.component.d.ts,lib/ui/lib/components/picture-info-message/picture-info-message.component.d.ts,lib/ui/lib/components/logo/logo.component.d.ts,lib/ui/lib/features/container/empty/empty.component.d.ts,lib/ui/lib/components/public-api.d.ts,lib/ui/lib/components/navigation/date/day/day.component.d.ts,lib/ui/lib/features/container/error/error.component.d.ts,lib/ui/lib/components/navigation/date/week/week.component.d.ts,lib/ui/lib/components/badge/badge.component.d.ts,lib/ui/lib/features/container/placeholder/config.d.ts,lib/ui/lib/features/container/public-api.d.ts,lib/ui/lib/features/container/validation/dialog/dialog-validation.component.d.ts,lib/ui/lib/features/container/validation/cta/container-validation.component.d.ts,lib/ui/lib/features/container/swiper-light/swiper-light.component.d.ts,lib/ui/lib/features/container/validation/common-dialog.d.ts,lib/ui/lib/features/container/loader/loader.component.d.ts,lib/ui/lib/features/card/title/card-title.component.d.ts,lib/ui/lib/features/card/public-api.d.ts,lib/ui/lib/features/layout/layout-content/layout-content.component.d.ts,lib/ui/lib/features/layout/layout-title/layout-title.component.d.ts,lib/ui/lib/features/card/content/card-content.component.d.ts,lib/ui/lib/features/card/card.component.d.ts,lib/ui/lib/features/card/tag/card-tag.component.d.ts,lib/ui/lib/features/card/cta/card-cta.component.d.ts,lib/ui/lib/features/card/header/card-header.component.d.ts,lib/ui/lib/features/card/card-image/card-image.component.d.ts,lib/ui/lib/features/card/subtitle/card-subtitle.component.d.ts,lib/ui/lib/features/layout/layout-header/layout-header.component.d.ts,lib/ui/lib/features/layout/with-nav/layout-with-nav.component.d.ts,lib/ui/lib/features/layout/layout-nav/layout-nav.component.d.ts,lib/ui/lib/features/layout/with-panel/layout-with-panel.component.d.ts,lib/ui/lib/features/layout/layout-page/layout-page.component.d.ts,lib/ui/index.d.ts,lib/ui/lib/features/layout/layout-header/layout-header-default/layout-header-default.component.d.ts,lib/ui/lib/features/layout/public-api.d.ts,lib/ui/public-api.d.ts,lib/ui/lib/features/layout/layout-panel/layout-panel.component.d.ts,lib/ui/package.json,lib/ui/fesm2022/beyond-ui.mjs.map,lib/ui/README.md,lib/ui/fesm2022/beyond-ui.mjs,lib/ui/.npmignore
[NX v20.5.0 Daemon Server] - 2025-03-26T21:02:58.526Z - [REQUEST]: 
[NX v20.5.0 Daemon Server] - 2025-03-26T21:02:58.642Z - [SYNC]: collect registered sync generators
[NX v20.5.0 Daemon Server] - 2025-03-26T21:02:58.643Z - [SYNC]: project graph hash is the same, not collecting task sync generators
[NX v20.5.0 Daemon Server] - 2025-03-26T21:02:58.643Z - [SYNC]: nx.json hash is the same, not collecting global sync generators
[NX v20.5.0 Daemon Server] - 2025-03-26T21:02:58.644Z - Time taken for 'hash changed files from watcher' 5.428400000004331ms
[NX v20.5.0 Daemon Server] - 2025-03-26T21:02:59.913Z - [WATCHER]: 0 file(s) created or restored, 0 file(s) modified, 30 file(s) deleted
[NX v20.5.0 Daemon Server] - 2025-03-26T21:02:59.915Z - [WATCHER]: Processing file changes in outputs
[NX v20.5.0 Daemon Server] - 2025-03-26T21:03:04.155Z - [WATCHER]: Processing file changes in outputs
[NX v20.5.0 Daemon Server] - 2025-03-26T21:03:04.158Z - [WATCHER]: 0 file(s) created or restored, 0 file(s) modified, 22 file(s) deleted
[NX v20.5.0 Daemon Server] - 2025-03-26T21:03:06.430Z - [REQUEST]: Updated workspace context based on watched changes, recomputing project graph...
[NX v20.5.0 Daemon Server] - 2025-03-26T21:03:06.430Z - [REQUEST]: 
[NX v20.5.0 Daemon Server] - 2025-03-26T21:03:06.430Z - [REQUEST]: lib/form/form-input,lib/form/form-input/lib/components/input/checkbox,lib/form/form-input/index.d.ts,lib/form/form-input/lib/components/input/dropdown/dropdown.component.d.ts,lib/form/form-input/lib/components/input/public-api.d.ts,lib/form/form-input/fesm2022,lib/form/form-input/lib/components/input/textarea/textarea.component.d.ts,lib/form/form-input/lib/components/input/label/label.component.d.ts,lib/form/form-input/lib/components/label,lib/form/form-input/package.json,lib/form/form-input/lib/components/input/label,lib/form/form-input/lib/components/label/label.component.d.ts,lib/form/form-input/lib/components/input/radio/radio.component.d.ts,lib/form/form-input/.npmignore,lib/form/form-input/fesm2022/beyond-form-input.mjs,lib/form/form-input/lib/components/input/textbox/text-box.component.d.ts,lib/form/form-input/lib/components/input/textbox,lib/form/form-input/lib/components,lib/form/form-input/lib/components/input/dropdown,lib/form/form-input/public-api.d.ts,lib/form/form-input/lib/components/input/radio,lib/form/form-input/README.md,lib/form/form-input/lib/components/input/toggle/toggle.component.d.ts,lib/form/form-input/lib/components/input/checkbox/checkbox.component.d.ts,lib/form/form-input/lib/components/input/toggle,lib/form/form-input/fesm2022/beyond-form-input.mjs.map,lib/form/form-input/lib/components/public-api.d.ts,lib/form/form-input/lib,lib/form/form-input/lib/components/input,lib/form/form-input/lib/components/input/textarea,lib/notification/lib/services,lib/notification/index.d.ts,lib/notification/lib/components/public-api.d.ts,lib/notification/lib/services/notification.service.d.ts,lib/notification/lib/enum.d.ts,lib/notification/lib/components/popup/box,lib/notification/lib/components/popup/box/notification-box.component.d.ts,lib/notification/lib/components/popup/error,lib/notification/package.json,lib/notification/fesm2022/beyond-notification.mjs,lib/notification/.npmignore,lib/notification/README.md,lib/notification/lib/components/popup/inline,lib/notification/lib/components/popup,lib/notification/fesm2022,lib/notification/fesm2022/beyond-notification.mjs.map,lib/notification/lib/components/popup/inline/notification-inline.component.d.ts,lib/notification/lib,lib/notification,lib/notification/lib/components/popup/error/error.component.d.ts,lib/notification/lib/components,lib/notification/public-api.d.ts
[NX v20.5.0 Daemon Server] - 2025-03-26T21:03:06.759Z - [SYNC]: collect registered sync generators
[NX v20.5.0 Daemon Server] - 2025-03-26T21:03:06.760Z - [SYNC]: project graph hash is the same, not collecting task sync generators
[NX v20.5.0 Daemon Server] - 2025-03-26T21:03:06.760Z - [SYNC]: nx.json hash is the same, not collecting global sync generators
[NX v20.5.0 Daemon Server] - 2025-03-26T21:03:06.761Z - Time taken for 'hash changed files from watcher' 94.72679999999673ms
[NX v20.5.0 Daemon Server] - 2025-03-26T21:03:08.009Z - [WATCHER]: Processing file changes in outputs
[NX v20.5.0 Daemon Server] - 2025-03-26T21:03:08.011Z - [WATCHER]: 0 file(s) created or restored, 4 file(s) modified, 0 file(s) deleted
[NX v20.5.0 Daemon Server] - 2025-03-26T21:03:08.073Z - [WATCHER]: 0 file(s) created or restored, 8 file(s) modified, 0 file(s) deleted
[NX v20.5.0 Daemon Server] - 2025-03-26T21:03:08.076Z - [WATCHER]: Processing file changes in outputs
[NX v20.5.0 Daemon Server] - 2025-03-26T21:03:08.125Z - [WATCHER]: lib/form/form-input/index.d.ts was modified
[NX v20.5.0 Daemon Server] - 2025-03-26T21:03:08.126Z - [WATCHER]: Processing file changes in outputs
[NX v20.5.0 Daemon Server] - 2025-03-26T21:03:08.418Z - [WATCHER]: Processing file changes in outputs
[NX v20.5.0 Daemon Server] - 2025-03-26T21:03:08.419Z - [WATCHER]: 0 file(s) created or restored, 5 file(s) modified, 0 file(s) deleted
[NX v20.5.0 Daemon Server] - 2025-03-26T21:03:08.564Z - [REQUEST]: Responding to the client. recordOutputsHash
[NX v20.5.0 Daemon Server] - 2025-03-26T21:03:08.564Z - Done responding to the client recordOutputsHash
[NX v20.5.0 Daemon Server] - 2025-03-26T21:03:08.565Z - Handled RECORD_OUTPUTS_HASH. Handling time: 1. Response time: 1.
[NX v20.5.0 Daemon Server] - 2025-03-26T21:03:11.379Z - [WATCHER]: 0 file(s) created or restored, 3 file(s) modified, 0 file(s) deleted
[NX v20.5.0 Daemon Server] - 2025-03-26T21:03:11.380Z - [WATCHER]: Processing file changes in outputs
[NX v20.5.0 Daemon Server] - 2025-03-26T21:03:11.440Z - [WATCHER]: Processing file changes in outputs
[NX v20.5.0 Daemon Server] - 2025-03-26T21:03:11.443Z - [WATCHER]: 0 file(s) created or restored, 5 file(s) modified, 0 file(s) deleted
[NX v20.5.0 Daemon Server] - 2025-03-26T21:03:11.677Z - [WATCHER]: 0 file(s) created or restored, 5 file(s) modified, 0 file(s) deleted
[NX v20.5.0 Daemon Server] - 2025-03-26T21:03:11.678Z - [WATCHER]: Processing file changes in outputs
[NX v20.5.0 Daemon Server] - 2025-03-26T21:03:11.777Z - [REQUEST]: Responding to the client. recordOutputsHash
[NX v20.5.0 Daemon Server] - 2025-03-26T21:03:11.778Z - Done responding to the client recordOutputsHash
[NX v20.5.0 Daemon Server] - 2025-03-26T21:03:11.778Z - Handled RECORD_OUTPUTS_HASH. Handling time: 0. Response time: 1.
[NX v20.5.0 Daemon Server] - 2025-03-26T21:03:13.869Z - [WATCHER]: 0 file(s) created or restored, 0 file(s) modified, 20 file(s) deleted
[NX v20.5.0 Daemon Server] - 2025-03-26T21:03:13.869Z - [WATCHER]: Processing file changes in outputs
[NX v20.5.0 Daemon Server] - 2025-03-26T21:03:14.431Z - [REQUEST]: Updated workspace context based on watched changes, recomputing project graph...
[NX v20.5.0 Daemon Server] - 2025-03-26T21:03:14.431Z - [REQUEST]: lib/form/form-input/lib/components/label/label.component.d.ts,lib/form/form-input/lib/components/input/label/label.component.d.ts,lib/form/form-input/lib/components/input/dropdown/dropdown.component.d.ts,lib/form/form-input/lib/components/input/checkbox/checkbox.component.d.ts,lib/form/form-input/lib/components/input/textarea/textarea.component.d.ts,lib/form/form-input/lib/components/input/toggle/toggle.component.d.ts,lib/form/form-input/lib/components/input/public-api.d.ts,lib/form/form-input/public-api.d.ts,lib/form/form-input/lib/components/input/radio/radio.component.d.ts,lib/form/form-input/lib/components/input/textbox/text-box.component.d.ts,lib/form/form-input/index.d.ts,lib/form/form-input/lib/components/public-api.d.ts,lib/form/form-input/package.json,lib/form/form-input/fesm2022/beyond-form-input.mjs.map,lib/form/form-input/fesm2022/beyond-form-input.mjs,lib/form/form-input/README.md,lib/form/form-input/.npmignore,lib/notification/lib/components/popup/inline/notification-inline.component.d.ts,lib/notification/lib/services/notification.service.d.ts,lib/notification/lib/enum.d.ts,lib/notification/lib/components/public-api.d.ts,lib/notification/lib/components/popup/box/notification-box.component.d.ts,lib/notification/public-api.d.ts,lib/notification/lib/components/popup/error/error.component.d.ts,lib/notification/index.d.ts,lib/notification/fesm2022/beyond-notification.mjs.map,lib/notification/.npmignore,lib/notification/README.md,lib/notification/fesm2022/beyond-notification.mjs,lib/notification/package.json
[NX v20.5.0 Daemon Server] - 2025-03-26T21:03:14.431Z - [REQUEST]: lib/form/form-basic/index.d.ts,lib/form/form-basic/lib,lib/form/form-basic/lib/components/input,lib/form/form-basic/fesm2022,lib/form/form-basic/lib/components,lib/form/form-basic/lib/components/inputs/inputs.component.d.ts,lib/form/form-basic/.npmignore,lib/form/form-basic/fesm2022/beyond-form-basic.mjs.map,lib/form/form-basic/package.json,lib/form/form-basic/public-api.d.ts,lib/form/form-basic/fesm2022/beyond-form-basic.mjs,lib/form/form-basic/lib/components/form.component.d.ts,lib/form/form-basic/lib/components/edit-field,lib/form/form-basic/lib/components/inputs,lib/form/form-basic/lib/components/input/panel,lib/form/form-basic,lib/form/form-basic/lib/components/input/panel/panel.component.d.ts,lib/form/form-basic/lib/components/edit-field/edit-field.component.d.ts,lib/form/form-basic/README.md,lib/form/form-basic/lib/components/public-api.d.ts
[NX v20.5.0 Daemon Server] - 2025-03-26T21:03:14.543Z - [SYNC]: collect registered sync generators
[NX v20.5.0 Daemon Server] - 2025-03-26T21:03:14.544Z - [SYNC]: project graph hash is the same, not collecting task sync generators
[NX v20.5.0 Daemon Server] - 2025-03-26T21:03:14.544Z - [SYNC]: nx.json hash is the same, not collecting global sync generators
[NX v20.5.0 Daemon Server] - 2025-03-26T21:03:14.545Z - Time taken for 'hash changed files from watcher' 9.671200000004319ms
[NX v20.5.0 Daemon Server] - 2025-03-26T21:03:16.141Z - [WATCHER]: Processing file changes in outputs
[NX v20.5.0 Daemon Server] - 2025-03-26T21:03:16.142Z - [WATCHER]: 0 file(s) created or restored, 0 file(s) modified, 19 file(s) deleted
[NX v20.5.0 Daemon Server] - 2025-03-26T21:03:17.967Z - [WATCHER]: Processing file changes in outputs
[NX v20.5.0 Daemon Server] - 2025-03-26T21:03:17.969Z - [WATCHER]: 0 file(s) created or restored, 3 file(s) modified, 0 file(s) deleted
[NX v20.5.0 Daemon Server] - 2025-03-26T21:03:18.025Z - [WATCHER]: 0 file(s) created or restored, 4 file(s) modified, 0 file(s) deleted
[NX v20.5.0 Daemon Server] - 2025-03-26T21:03:18.025Z - [WATCHER]: Processing file changes in outputs
[NX v20.5.0 Daemon Server] - 2025-03-26T21:03:18.267Z - [WATCHER]: 0 file(s) created or restored, 5 file(s) modified, 0 file(s) deleted
[NX v20.5.0 Daemon Server] - 2025-03-26T21:03:18.268Z - [WATCHER]: Processing file changes in outputs
[NX v20.5.0 Daemon Server] - 2025-03-26T21:03:18.387Z - [REQUEST]: Responding to the client. recordOutputsHash
[NX v20.5.0 Daemon Server] - 2025-03-26T21:03:18.387Z - Done responding to the client recordOutputsHash
[NX v20.5.0 Daemon Server] - 2025-03-26T21:03:18.388Z - Handled RECORD_OUTPUTS_HASH. Handling time: 1. Response time: 1.
[NX v20.5.0 Daemon Server] - 2025-03-26T21:03:19.630Z - [WATCHER]: 0 file(s) created or restored, 4 file(s) modified, 0 file(s) deleted
[NX v20.5.0 Daemon Server] - 2025-03-26T21:03:19.631Z - [WATCHER]: Processing file changes in outputs
[NX v20.5.0 Daemon Server] - 2025-03-26T21:03:19.681Z - [WATCHER]: 0 file(s) created or restored, 5 file(s) modified, 0 file(s) deleted
[NX v20.5.0 Daemon Server] - 2025-03-26T21:03:19.681Z - [WATCHER]: Processing file changes in outputs
[NX v20.5.0 Daemon Server] - 2025-03-26T21:03:19.939Z - [WATCHER]: Processing file changes in outputs
[NX v20.5.0 Daemon Server] - 2025-03-26T21:03:19.940Z - [WATCHER]: 0 file(s) created or restored, 5 file(s) modified, 0 file(s) deleted
[NX v20.5.0 Daemon Server] - 2025-03-26T21:03:20.047Z - [REQUEST]: Responding to the client. recordOutputsHash
[NX v20.5.0 Daemon Server] - 2025-03-26T21:03:20.047Z - Done responding to the client recordOutputsHash
[NX v20.5.0 Daemon Server] - 2025-03-26T21:03:20.047Z - Handled RECORD_OUTPUTS_HASH. Handling time: 1. Response time: 0.
[NX v20.5.0 Daemon Server] - 2025-03-26T21:03:22.547Z - [REQUEST]: Updated workspace context based on watched changes, recomputing project graph...
[NX v20.5.0 Daemon Server] - 2025-03-26T21:03:22.547Z - [REQUEST]: lib/form/form-basic/lib/components/form.component.d.ts,lib/form/form-basic/lib/components/input/panel/panel.component.d.ts,lib/form/form-basic/lib/components/inputs/inputs.component.d.ts,lib/form/form-basic/public-api.d.ts,lib/form/form-basic/lib/components/edit-field/edit-field.component.d.ts,lib/form/form-basic/index.d.ts,lib/form/form-basic/lib/components/public-api.d.ts,lib/form/form-basic/package.json,lib/form/form-basic/fesm2022/beyond-form-basic.mjs.map,lib/form/form-basic/README.md,lib/form/form-basic/.npmignore,lib/form/form-basic/fesm2022/beyond-form-basic.mjs,lib/odoo/lib/services/connector/json.service.d.ts,lib/odoo/lib/injectionToken.d.ts,lib/odoo/lib/provider.d.ts,lib/odoo/lib/interceptor/targetUrlInterceptor.d.ts,lib/odoo/index.d.ts,lib/odoo/public-api.d.ts,lib/odoo/lib/services/baseService.d.ts,lib/odoo/lib/services/auth.service.d.ts,lib/odoo/.npmignore,lib/odoo/fesm2022/beyond-odoo.mjs,lib/odoo/package.json,lib/odoo/README.md,lib/odoo/fesm2022/beyond-odoo.mjs.map
[NX v20.5.0 Daemon Server] - 2025-03-26T21:03:22.547Z - [REQUEST]: lib/odoo/fesm2022,lib/odoo/lib/services/connector,lib/odoo/lib/services,lib/odoo/lib/interceptor,lib/odoo,lib/odoo/lib
[NX v20.5.0 Daemon Server] - 2025-03-26T21:03:22.605Z - [SYNC]: collect registered sync generators
[NX v20.5.0 Daemon Server] - 2025-03-26T21:03:22.606Z - [SYNC]: project graph hash is the same, not collecting task sync generators
[NX v20.5.0 Daemon Server] - 2025-03-26T21:03:22.606Z - [SYNC]: nx.json hash is the same, not collecting global sync generators
[NX v20.5.0 Daemon Server] - 2025-03-26T21:03:22.606Z - Time taken for 'hash changed files from watcher' 3.8223999999972875ms
[NX v20.5.0 Daemon Server] - 2025-03-26T21:03:23.570Z - [WATCHER]: 0 file(s) created or restored, 0 file(s) modified, 27 file(s) deleted
[NX v20.5.0 Daemon Server] - 2025-03-26T21:03:23.571Z - [WATCHER]: Processing file changes in outputs
[NX v20.5.0 Daemon Server] - 2025-03-26T21:03:26.930Z - [WATCHER]: 0 file(s) created or restored, 6 file(s) modified, 0 file(s) deleted
[NX v20.5.0 Daemon Server] - 2025-03-26T21:03:26.931Z - [WATCHER]: Processing file changes in outputs
[NX v20.5.0 Daemon Server] - 2025-03-26T21:03:26.982Z - [WATCHER]: Processing file changes in outputs
[NX v20.5.0 Daemon Server] - 2025-03-26T21:03:26.984Z - [WATCHER]: 0 file(s) created or restored, 5 file(s) modified, 0 file(s) deleted
[NX v20.5.0 Daemon Server] - 2025-03-26T21:03:27.162Z - [WATCHER]: Processing file changes in outputs
[NX v20.5.0 Daemon Server] - 2025-03-26T21:03:27.163Z - [WATCHER]: 0 file(s) created or restored, 5 file(s) modified, 0 file(s) deleted
[NX v20.5.0 Daemon Server] - 2025-03-26T21:03:27.259Z - [REQUEST]: Responding to the client. recordOutputsHash
[NX v20.5.0 Daemon Server] - 2025-03-26T21:03:27.260Z - Done responding to the client recordOutputsHash
[NX v20.5.0 Daemon Server] - 2025-03-26T21:03:27.260Z - Handled RECORD_OUTPUTS_HASH. Handling time: 0. Response time: 1.
[NX v20.5.0 Daemon Server] - 2025-03-26T21:03:27.278Z - [REQUEST]: Responding to the client. handleRecordTaskRuns
[NX v20.5.0 Daemon Server] - 2025-03-26T21:03:27.279Z - Done responding to the client handleRecordTaskRuns
[NX v20.5.0 Daemon Server] - 2025-03-26T21:03:27.279Z - Handled RECORD_TASK_RUNS. Handling time: 7. Response time: 1.
[NX v20.5.0 Daemon Server] - 2025-03-26T21:03:27.280Z - [REQUEST]: Responding to the client. handleGetFlakyTasks
[NX v20.5.0 Daemon Server] - 2025-03-26T21:03:27.280Z - Done responding to the client handleGetFlakyTasks
[NX v20.5.0 Daemon Server] - 2025-03-26T21:03:27.281Z - Handled GET_FLAKY_TASKS. Handling time: 0. Response time: 1.
[NX v20.5.0 Daemon Server] - 2025-03-26T21:03:27.696Z - [REQUEST]: Responding to the client. handleRunPostTasksExecution
[NX v20.5.0 Daemon Server] - 2025-03-26T21:03:27.696Z - Time taken for 'postTasksExecution' 0.39069999999628635ms
[NX v20.5.0 Daemon Server] - 2025-03-26T21:03:27.696Z - Done responding to the client handleRunPostTasksExecution
[NX v20.5.0 Daemon Server] - 2025-03-26T21:03:27.697Z - Handled POST_TASKS_EXECUTION. Handling time: 1. Response time: 1.
[NX v20.5.0 Daemon Server] - 2025-03-26T21:03:27.705Z - Closed a connection. Number of open connections: 0
[NX v20.5.0 Daemon Server] - 2025-03-26T21:03:29.974Z - [REQUEST]: Updated workspace context based on watched changes, recomputing project graph...
[NX v20.5.0 Daemon Server] - 2025-03-26T21:03:29.974Z - [REQUEST]: lib/user/lib/services/form/form.service.d.ts,lib/user/lib/components/public-api.d.ts,lib/user/lib/pages/public-api.d.ts,lib/user/lib/components/login/login-card.component.d.ts,lib/user/lib/pages/login/login.component.d.ts,lib/user/lib/components/guard/guard.component.d.ts,lib/user/lib/guards/auth.guard.d.ts,lib/user/index.d.ts,lib/user/public-api.d.ts,lib/user/lib/guards/public-api.d.ts,lib/user/lib/guards/feature.guard.d.ts,lib/user/.npmignore,lib/user/fesm2022/beyond-user.mjs.map,lib/user/fesm2022/beyond-user.mjs,lib/user/README.md,lib/user/package.json
[NX v20.5.0 Daemon Server] - 2025-03-26T21:03:29.974Z - [REQUEST]: lib/user/lib/components/guard,lib/user/lib/services,lib/user/lib,lib/user,lib/user/lib/pages/login,lib/user/fesm2022,lib/user/lib/components/login,lib/user/lib/pages,lib/user/lib/services/form,lib/user/lib/components,lib/user/lib/guards
[NX v20.5.0 Daemon Server] - 2025-03-26T21:03:30.046Z - [SYNC]: collect registered sync generators
[NX v20.5.0 Daemon Server] - 2025-03-26T21:03:30.047Z - [SYNC]: project graph hash is the same, not collecting task sync generators
[NX v20.5.0 Daemon Server] - 2025-03-26T21:03:30.047Z - [SYNC]: nx.json hash is the same, not collecting global sync generators
[NX v20.5.0 Daemon Server] - 2025-03-26T21:03:30.048Z - Time taken for 'hash changed files from watcher' 3.916000000011991ms
[NX v20.5.0 Daemon Server] - 2025-03-26T21:07:19.357Z - [WATCHER]: Processing file changes in outputs
[NX v20.5.0 Daemon Server] - 2025-03-26T21:07:19.365Z - [WATCHER]: Stopping the watcher for C:\techatome\Odoo\beyond-odoo-ui-lib (sources)
[NX v20.5.0 Daemon Server] - 2025-03-26T21:07:19.365Z - [WATCHER]: Stopping the watcher for C:\techatome\Odoo\beyond-odoo-ui-lib (outputs)
[NX v20.5.0 Daemon Server] - 2025-03-26T21:07:19.378Z - Server stopped because: "LOCK_FILES_CHANGED"

> NX runtime error err=cannot send event from fs watcher: sending into a closed channel

[NX v20.5.0 Daemon Server] - 2025-03-28T13:25:17.657Z - Started listening on: \\.\pipe\nx\C:\Users\pikadjou\AppData\Local\Temp\f134ae126ebf182f0176\d.sock
[NX v20.5.0 Daemon Server] - 2025-03-28T13:25:17.663Z - [WATCHER]: Subscribed to changes within: C:\techatome\Odoo\beyond-odoo-ui-lib (native)
[NX v20.5.0 Daemon Server] - 2025-03-28T13:25:17.690Z - Established a connection. Number of open connections: 1
[NX v20.5.0 Daemon Server] - 2025-03-28T13:25:17.697Z - Closed a connection. Number of open connections: 0
[NX v20.5.0 Daemon Server] - 2025-03-28T13:25:17.698Z - Established a connection. Number of open connections: 1
[NX v20.5.0 Daemon Server] - 2025-03-28T13:25:17.702Z - [REQUEST]: Client Request for Project Graph Received
[NX v20.5.0 Daemon Server] - 2025-03-28T13:25:17.745Z - [REQUEST]: Updated workspace context based on watched changes, recomputing project graph...
[NX v20.5.0 Daemon Server] - 2025-03-28T13:25:17.746Z - [REQUEST]: 
[NX v20.5.0 Daemon Server] - 2025-03-28T13:25:17.746Z - [REQUEST]: 
[NX v20.5.0 Daemon Server] - 2025-03-28T13:25:18.256Z - [SYNC]: collect registered sync generators
[NX v20.5.0 Daemon Server] - 2025-03-28T13:25:18.257Z - [REQUEST]: Responding to the client. project-graph
[NX v20.5.0 Daemon Server] - 2025-03-28T13:25:18.259Z - Time taken for 'total for creating and serializing project graph' 555.4490000000001ms
[NX v20.5.0 Daemon Server] - 2025-03-28T13:25:18.259Z - Done responding to the client project-graph
[NX v20.5.0 Daemon Server] - 2025-03-28T13:25:18.260Z - Handled REQUEST_PROJECT_GRAPH. Handling time: 556. Response time: 3.
[NX v20.5.0 Daemon Server] - 2025-03-28T13:25:18.271Z - [REQUEST]: Responding to the client. handleContextFileData
[NX v20.5.0 Daemon Server] - 2025-03-28T13:25:18.271Z - Done responding to the client handleContextFileData
[NX v20.5.0 Daemon Server] - 2025-03-28T13:25:18.272Z - Handled GET_CONTEXT_FILE_DATA. Handling time: 2. Response time: 1.
[NX v20.5.0 Daemon Server] - 2025-03-28T13:25:18.394Z - [REQUEST]: Client Request for Project Graph Received
[NX v20.5.0 Daemon Server] - 2025-03-28T13:25:18.395Z - [REQUEST]: Responding to the client. project-graph
[NX v20.5.0 Daemon Server] - 2025-03-28T13:25:18.396Z - Time taken for 'total for creating and serializing project graph' 0.9700000000000273ms
[NX v20.5.0 Daemon Server] - 2025-03-28T13:25:18.396Z - Done responding to the client project-graph
[NX v20.5.0 Daemon Server] - 2025-03-28T13:25:18.396Z - Handled REQUEST_PROJECT_GRAPH. Handling time: 2. Response time: 1.
[NX v20.5.0 Daemon Server] - 2025-03-28T13:25:18.406Z - [REQUEST]: Responding to the client. handleRunPreTasksExecution
[NX v20.5.0 Daemon Server] - 2025-03-28T13:25:18.406Z - Time taken for 'preTasksExecution' 1.0300999999999476ms
[NX v20.5.0 Daemon Server] - 2025-03-28T13:25:18.407Z - Done responding to the client handleRunPreTasksExecution
[NX v20.5.0 Daemon Server] - 2025-03-28T13:25:18.407Z - Handled PRE_TASKS_EXECUTION. Handling time: 1. Response time: 1.
[NX v20.5.0 Daemon Server] - 2025-03-28T13:25:18.451Z - [REQUEST]: Responding to the client. handleHashTasks
[NX v20.5.0 Daemon Server] - 2025-03-28T13:25:18.452Z - Done responding to the client handleHashTasks
[NX v20.5.0 Daemon Server] - 2025-03-28T13:25:18.452Z - Handled HASH_TASKS. Handling time: 23. Response time: 1.
[NX v20.5.0 Daemon Server] - 2025-03-28T13:25:18.486Z - [REQUEST]: Responding to the client. handleGetEstimatedTaskTimings
[NX v20.5.0 Daemon Server] - 2025-03-28T13:25:18.487Z - Done responding to the client handleGetEstimatedTaskTimings
[NX v20.5.0 Daemon Server] - 2025-03-28T13:25:18.487Z - Handled GET_ESTIMATED_TASK_TIMINGS. Handling time: 4. Response time: 1.
[NX v20.5.0 Daemon Server] - 2025-03-28T13:25:18.532Z - [REQUEST]: Responding to the client. outputsHashesMatch
[NX v20.5.0 Daemon Server] - 2025-03-28T13:25:18.533Z - Done responding to the client outputsHashesMatch
[NX v20.5.0 Daemon Server] - 2025-03-28T13:25:18.533Z - Handled OUTPUTS_HASHES_MATCH. Handling time: 1. Response time: 1.
[NX v20.5.0 Daemon Server] - 2025-03-28T13:25:18.535Z - [REQUEST]: Responding to the client. outputsHashesMatch
[NX v20.5.0 Daemon Server] - 2025-03-28T13:25:18.536Z - Done responding to the client outputsHashesMatch
[NX v20.5.0 Daemon Server] - 2025-03-28T13:25:18.536Z - Handled OUTPUTS_HASHES_MATCH. Handling time: 0. Response time: 1.
[NX v20.5.0 Daemon Server] - 2025-03-28T13:25:18.538Z - [REQUEST]: Responding to the client. outputsHashesMatch
[NX v20.5.0 Daemon Server] - 2025-03-28T13:25:18.538Z - Done responding to the client outputsHashesMatch
[NX v20.5.0 Daemon Server] - 2025-03-28T13:25:18.538Z - Handled OUTPUTS_HASHES_MATCH. Handling time: 0. Response time: 0.
[NX v20.5.0 Daemon Server] - 2025-03-28T13:25:18.541Z - [REQUEST]: Responding to the client. outputsHashesMatch
[NX v20.5.0 Daemon Server] - 2025-03-28T13:25:18.541Z - Done responding to the client outputsHashesMatch
[NX v20.5.0 Daemon Server] - 2025-03-28T13:25:18.541Z - Handled OUTPUTS_HASHES_MATCH. Handling time: 1. Response time: 0.
[NX v20.5.0 Daemon Server] - 2025-03-28T13:25:18.543Z - [REQUEST]: Responding to the client. recordOutputsHash
[NX v20.5.0 Daemon Server] - 2025-03-28T13:25:18.544Z - Done responding to the client recordOutputsHash
[NX v20.5.0 Daemon Server] - 2025-03-28T13:25:18.544Z - Handled RECORD_OUTPUTS_HASH. Handling time: 0. Response time: 1.
[NX v20.5.0 Daemon Server] - 2025-03-28T13:25:18.572Z - [REQUEST]: Responding to the client. recordOutputsHash
[NX v20.5.0 Daemon Server] - 2025-03-28T13:25:18.573Z - Done responding to the client recordOutputsHash
[NX v20.5.0 Daemon Server] - 2025-03-28T13:25:18.573Z - Handled RECORD_OUTPUTS_HASH. Handling time: 0. Response time: 1.
[NX v20.5.0 Daemon Server] - 2025-03-28T13:25:18.591Z - [REQUEST]: Responding to the client. recordOutputsHash
[NX v20.5.0 Daemon Server] - 2025-03-28T13:25:18.591Z - Done responding to the client recordOutputsHash
[NX v20.5.0 Daemon Server] - 2025-03-28T13:25:18.591Z - Handled RECORD_OUTPUTS_HASH. Handling time: 0. Response time: 0.
[NX v20.5.0 Daemon Server] - 2025-03-28T13:25:18.601Z - [REQUEST]: Responding to the client. recordOutputsHash
[NX v20.5.0 Daemon Server] - 2025-03-28T13:25:18.602Z - Done responding to the client recordOutputsHash
[NX v20.5.0 Daemon Server] - 2025-03-28T13:25:18.602Z - Handled RECORD_OUTPUTS_HASH. Handling time: 0. Response time: 1.
[NX v20.5.0 Daemon Server] - 2025-03-28T13:25:18.615Z - [REQUEST]: Responding to the client. outputsHashesMatch
[NX v20.5.0 Daemon Server] - 2025-03-28T13:25:18.615Z - Done responding to the client outputsHashesMatch
[NX v20.5.0 Daemon Server] - 2025-03-28T13:25:18.615Z - Handled OUTPUTS_HASHES_MATCH. Handling time: 1. Response time: 0.
[NX v20.5.0 Daemon Server] - 2025-03-28T13:25:18.617Z - [REQUEST]: Responding to the client. outputsHashesMatch
[NX v20.5.0 Daemon Server] - 2025-03-28T13:25:18.617Z - Done responding to the client outputsHashesMatch
[NX v20.5.0 Daemon Server] - 2025-03-28T13:25:18.617Z - Handled OUTPUTS_HASHES_MATCH. Handling time: 0. Response time: 0.
[NX v20.5.0 Daemon Server] - 2025-03-28T13:25:18.619Z - [REQUEST]: Responding to the client. outputsHashesMatch
[NX v20.5.0 Daemon Server] - 2025-03-28T13:25:18.620Z - Done responding to the client outputsHashesMatch
[NX v20.5.0 Daemon Server] - 2025-03-28T13:25:18.620Z - Handled OUTPUTS_HASHES_MATCH. Handling time: 0. Response time: 1.
[NX v20.5.0 Daemon Server] - 2025-03-28T13:25:18.621Z - [REQUEST]: Responding to the client. recordOutputsHash
[NX v20.5.0 Daemon Server] - 2025-03-28T13:25:18.621Z - Done responding to the client recordOutputsHash
[NX v20.5.0 Daemon Server] - 2025-03-28T13:25:18.622Z - Handled RECORD_OUTPUTS_HASH. Handling time: 0. Response time: 1.
[NX v20.5.0 Daemon Server] - 2025-03-28T13:25:18.637Z - [REQUEST]: Responding to the client. recordOutputsHash
[NX v20.5.0 Daemon Server] - 2025-03-28T13:25:18.638Z - Done responding to the client recordOutputsHash
[NX v20.5.0 Daemon Server] - 2025-03-28T13:25:18.638Z - Handled RECORD_OUTPUTS_HASH. Handling time: 0. Response time: 1.
[NX v20.5.0 Daemon Server] - 2025-03-28T13:25:18.643Z - [REQUEST]: Responding to the client. recordOutputsHash
[NX v20.5.0 Daemon Server] - 2025-03-28T13:25:18.644Z - Done responding to the client recordOutputsHash
[NX v20.5.0 Daemon Server] - 2025-03-28T13:25:18.644Z - Handled RECORD_OUTPUTS_HASH. Handling time: 0. Response time: 1.
[NX v20.5.0 Daemon Server] - 2025-03-28T13:25:18.658Z - [REQUEST]: Responding to the client. outputsHashesMatch
[NX v20.5.0 Daemon Server] - 2025-03-28T13:25:18.659Z - Done responding to the client outputsHashesMatch
[NX v20.5.0 Daemon Server] - 2025-03-28T13:25:18.659Z - Handled OUTPUTS_HASHES_MATCH. Handling time: 0. Response time: 1.
[NX v20.5.0 Daemon Server] - 2025-03-28T13:25:18.661Z - [REQUEST]: Responding to the client. outputsHashesMatch
[NX v20.5.0 Daemon Server] - 2025-03-28T13:25:18.662Z - Done responding to the client outputsHashesMatch
[NX v20.5.0 Daemon Server] - 2025-03-28T13:25:18.662Z - Handled OUTPUTS_HASHES_MATCH. Handling time: 0. Response time: 1.
[NX v20.5.0 Daemon Server] - 2025-03-28T13:25:18.665Z - [REQUEST]: Responding to the client. recordOutputsHash
[NX v20.5.0 Daemon Server] - 2025-03-28T13:25:18.665Z - Done responding to the client recordOutputsHash
[NX v20.5.0 Daemon Server] - 2025-03-28T13:25:18.665Z - Handled RECORD_OUTPUTS_HASH. Handling time: 1. Response time: 0.
[NX v20.5.0 Daemon Server] - 2025-03-28T13:25:18.678Z - [REQUEST]: Responding to the client. recordOutputsHash
[NX v20.5.0 Daemon Server] - 2025-03-28T13:25:18.679Z - Done responding to the client recordOutputsHash
[NX v20.5.0 Daemon Server] - 2025-03-28T13:25:18.679Z - Handled RECORD_OUTPUTS_HASH. Handling time: 0. Response time: 1.
[NX v20.5.0 Daemon Server] - 2025-03-28T13:25:18.694Z - [REQUEST]: Responding to the client. outputsHashesMatch
[NX v20.5.0 Daemon Server] - 2025-03-28T13:25:18.695Z - Done responding to the client outputsHashesMatch
[NX v20.5.0 Daemon Server] - 2025-03-28T13:25:18.695Z - Handled OUTPUTS_HASHES_MATCH. Handling time: 0. Response time: 1.
[NX v20.5.0 Daemon Server] - 2025-03-28T13:25:18.698Z - [REQUEST]: Responding to the client. outputsHashesMatch
[NX v20.5.0 Daemon Server] - 2025-03-28T13:25:18.699Z - Done responding to the client outputsHashesMatch
[NX v20.5.0 Daemon Server] - 2025-03-28T13:25:18.699Z - Handled OUTPUTS_HASHES_MATCH. Handling time: 0. Response time: 1.
[NX v20.5.0 Daemon Server] - 2025-03-28T13:25:18.702Z - [REQUEST]: Responding to the client. recordOutputsHash
[NX v20.5.0 Daemon Server] - 2025-03-28T13:25:18.702Z - Done responding to the client recordOutputsHash
[NX v20.5.0 Daemon Server] - 2025-03-28T13:25:18.702Z - Handled RECORD_OUTPUTS_HASH. Handling time: 1. Response time: 0.
[NX v20.5.0 Daemon Server] - 2025-03-28T13:25:18.709Z - [REQUEST]: Responding to the client. recordOutputsHash
[NX v20.5.0 Daemon Server] - 2025-03-28T13:25:18.709Z - Done responding to the client recordOutputsHash
[NX v20.5.0 Daemon Server] - 2025-03-28T13:25:18.709Z - Handled RECORD_OUTPUTS_HASH. Handling time: 1. Response time: 0.
[NX v20.5.0 Daemon Server] - 2025-03-28T13:25:18.728Z - [REQUEST]: Responding to the client. outputsHashesMatch
[NX v20.5.0 Daemon Server] - 2025-03-28T13:25:18.729Z - Done responding to the client outputsHashesMatch
[NX v20.5.0 Daemon Server] - 2025-03-28T13:25:18.729Z - Handled OUTPUTS_HASHES_MATCH. Handling time: 0. Response time: 1.
[NX v20.5.0 Daemon Server] - 2025-03-28T13:25:18.733Z - [REQUEST]: Responding to the client. recordOutputsHash
[NX v20.5.0 Daemon Server] - 2025-03-28T13:25:18.734Z - Done responding to the client recordOutputsHash
[NX v20.5.0 Daemon Server] - 2025-03-28T13:25:18.734Z - Handled RECORD_OUTPUTS_HASH. Handling time: 1. Response time: 1.
[NX v20.5.0 Daemon Server] - 2025-03-28T13:25:18.749Z - [REQUEST]: Responding to the client. handleRecordTaskRuns
[NX v20.5.0 Daemon Server] - 2025-03-28T13:25:18.749Z - Done responding to the client handleRecordTaskRuns
[NX v20.5.0 Daemon Server] - 2025-03-28T13:25:18.750Z - Handled RECORD_TASK_RUNS. Handling time: 6. Response time: 1.
[NX v20.5.0 Daemon Server] - 2025-03-28T13:25:18.751Z - [REQUEST]: Responding to the client. handleGetFlakyTasks
[NX v20.5.0 Daemon Server] - 2025-03-28T13:25:18.752Z - Done responding to the client handleGetFlakyTasks
[NX v20.5.0 Daemon Server] - 2025-03-28T13:25:18.752Z - Handled GET_FLAKY_TASKS. Handling time: 0. Response time: 1.
[NX v20.5.0 Daemon Server] - 2025-03-28T13:25:19.136Z - [REQUEST]: Responding to the client. handleRunPostTasksExecution
[NX v20.5.0 Daemon Server] - 2025-03-28T13:25:19.136Z - Time taken for 'postTasksExecution' 0.4356999999999971ms
[NX v20.5.0 Daemon Server] - 2025-03-28T13:25:19.136Z - Done responding to the client handleRunPostTasksExecution
[NX v20.5.0 Daemon Server] - 2025-03-28T13:25:19.136Z - Handled POST_TASKS_EXECUTION. Handling time: 1. Response time: 0.
[NX v20.5.0 Daemon Server] - 2025-03-28T13:25:19.142Z - Closed a connection. Number of open connections: 0
[NX v20.5.0 Daemon Server] - 2025-03-28T13:26:17.547Z - [WATCHER]: projects/ui/src/lib/features/container/validation/dialog/dialog-validation.component.html was modified
[NX v20.5.0 Daemon Server] - 2025-03-28T13:26:17.548Z - [WATCHER]: Processing file changes in outputs
[NX v20.5.0 Daemon Server] - 2025-03-28T13:26:17.661Z - [REQUEST]: Updated workspace context based on watched changes, recomputing project graph...
[NX v20.5.0 Daemon Server] - 2025-03-28T13:26:17.661Z - [REQUEST]: projects/ui/src/lib/features/container/validation/dialog/dialog-validation.component.html
[NX v20.5.0 Daemon Server] - 2025-03-28T13:26:17.661Z - [REQUEST]: 
[NX v20.5.0 Daemon Server] - 2025-03-28T13:26:17.837Z - [SYNC]: collect registered sync generators
[NX v20.5.0 Daemon Server] - 2025-03-28T13:26:17.838Z - [SYNC]: project graph hash is the same, not collecting task sync generators
[NX v20.5.0 Daemon Server] - 2025-03-28T13:26:17.838Z - [SYNC]: nx.json hash is the same, not collecting global sync generators
[NX v20.5.0 Daemon Server] - 2025-03-28T13:26:17.839Z - Time taken for 'hash changed files from watcher' 8.390500000001339ms
